Using pre-set license
Built from '2021.3/staging' branch; Version is '2021.3.5f1 (40eb3a945986) revision 4254522'; Using compiler version '192829333'; Build Type 'Release'
OS: 'Windows 10  (10.0.19044) 64bit Professional' Language: 'ko' Physical Memory: 16322 MB
BatchMode: 1, IsHumanControllingUs: 0, StartBugReporterOnCrash: 0, Is64bit: 1, IsPro: 1

COMMAND LINE ARGUMENTS:
C:\Program Files\Unity\Hub\Editor\2021.3.5f1\Editor\Unity.exe
-adb2
-batchMode
-noUpm
-name
AssetImportWorker0
-projectPath
C:/Users/1302/Desktop/UnityStudy/VR220715_2D
-logFile
Logs/AssetImportWorker0.log
-srvPort
<<<<<<< Updated upstream
55969
=======
62774
>>>>>>> Stashed changes
Successfully changed project path to: C:/Users/1302/Desktop/UnityStudy/VR220715_2D
C:/Users/1302/Desktop/UnityStudy/VR220715_2D
[UnityMemory] Configuration Parameters - Can be set up in boot.config
    "memorysetup-bucket-allocator-granularity=16"
    "memorysetup-bucket-allocator-bucket-count=8"
    "memorysetup-bucket-allocator-block-size=33554432"
    "memorysetup-bucket-allocator-block-count=8"
    "memorysetup-main-allocator-block-size=16777216"
    "memorysetup-thread-allocator-block-size=16777216"
    "memorysetup-gfx-main-allocator-block-size=16777216"
    "memorysetup-gfx-thread-allocator-block-size=16777216"
    "memorysetup-cache-allocator-block-size=4194304"
    "memorysetup-typetree-allocator-block-size=2097152"
    "memorysetup-profiler-bucket-allocator-granularity=16"
    "memorysetup-profiler-bucket-allocator-bucket-count=8"
    "memorysetup-profiler-bucket-allocator-block-size=33554432"
    "memorysetup-profiler-bucket-allocator-block-count=8"
    "memorysetup-profiler-allocator-block-size=16777216"
    "memorysetup-profiler-editor-allocator-block-size=1048576"
    "memorysetup-temp-allocator-size-main=16777216"
    "memorysetup-job-temp-allocator-block-size=2097152"
    "memorysetup-job-temp-allocator-block-size-background=1048576"
    "memorysetup-job-temp-allocator-reduction-small-platforms=262144"
    "memorysetup-temp-allocator-size-background-worker=32768"
    "memorysetup-temp-allocator-size-job-worker=262144"
    "memorysetup-temp-allocator-size-preload-manager=33554432"
    "memorysetup-temp-allocator-size-nav-mesh-worker=65536"
    "memorysetup-temp-allocator-size-audio-worker=65536"
    "memorysetup-temp-allocator-size-cloud-worker=32768"
    "memorysetup-temp-allocator-size-gi-baking-worker=262144"
    "memorysetup-temp-allocator-size-gfx=262144"
<<<<<<< Updated upstream
Refreshing native plugins compatible for Editor in 88.29 ms, found 4 plugins.
=======
Refreshing native plugins compatible for Editor in 88.21 ms, found 4 plugins.
>>>>>>> Stashed changes
Preloading 0 native plugins for Editor in 0.00 ms.
Initialize engine version: 2021.3.5f1 (40eb3a945986)
[Subsystems] Discovering subsystems at path C:/Program Files/Unity/Hub/Editor/2021.3.5f1/Editor/Data/Resources/UnitySubsystems
[Subsystems] Discovering subsystems at path C:/Users/1302/Desktop/UnityStudy/VR220715_2D/Assets
GfxDevice: creating device client; threaded=0; jobified=0
Direct3D:
    Version:  Direct3D 11.0 [level 11.1]
    Renderer: NVIDIA GeForce GTX 1660 (ID=0x2184)
    Vendor:   NVIDIA
    VRAM:     5991 MB
    Driver:   27.21.14.5751
Initialize mono
Mono path[0] = 'C:/Program Files/Unity/Hub/Editor/2021.3.5f1/Editor/Data/Managed'
Mono path[1] = 'C:/Program Files/Unity/Hub/Editor/2021.3.5f1/Editor/Data/MonoBleedingEdge/lib/mono/unityjit-win32'
Mono config path = 'C:/Program Files/Unity/Hub/Editor/2021.3.5f1/Editor/Data/MonoBleedingEdge/etc'
<<<<<<< Updated upstream
Using monoOptions --debugger-agent=transport=dt_socket,embedding=1,server=y,suspend=n,address=127.0.0.1:56404
=======
Using monoOptions --debugger-agent=transport=dt_socket,embedding=1,server=y,suspend=n,address=127.0.0.1:56536
>>>>>>> Stashed changes
Begin MonoManager ReloadAssembly
Registering precompiled unity dll's ...
Register platform support module: C:/Program Files/Unity/Hub/Editor/2021.3.5f1/Editor/Data/PlaybackEngines/WebGLSupport/UnityEditor.WebGL.Extensions.dll
Register platform support module: C:/Program Files/Unity/Hub/Editor/2021.3.5f1/Editor/Data/PlaybackEngines/AndroidPlayer/UnityEditor.Android.Extensions.dll
Register platform support module: C:/Program Files/Unity/Hub/Editor/2021.3.5f1/Editor/Data/PlaybackEngines/WindowsStandaloneSupport/UnityEditor.WindowsStandalone.Extensions.dll
<<<<<<< Updated upstream
Registered in 0.007336 seconds.
Native extension for WindowsStandalone target not found
Native extension for Android target not found
Native extension for WebGL target not found
Refreshing native plugins compatible for Editor in 85.85 ms, found 4 plugins.
Preloading 0 native plugins for Editor in 0.00 ms.
Mono: successfully reloaded assembly
- Completed reload, in  0.653 seconds
Domain Reload Profiling:
	ReloadAssembly (654ms)
		BeginReloadAssembly (67ms)
=======
Registered in 0.007589 seconds.
Native extension for WindowsStandalone target not found
Native extension for Android target not found
Native extension for WebGL target not found
Refreshing native plugins compatible for Editor in 98.84 ms, found 4 plugins.
Preloading 0 native plugins for Editor in 0.00 ms.
Mono: successfully reloaded assembly
- Completed reload, in  0.663 seconds
Domain Reload Profiling:
	ReloadAssembly (663ms)
		BeginReloadAssembly (70ms)
>>>>>>> Stashed changes
			ExecutionOrderSort (0ms)
			DisableScriptedObjects (0ms)
			BackupInstance (0ms)
			ReleaseScriptingObjects (0ms)
			CreateAndSetChildDomain (1ms)
<<<<<<< Updated upstream
		EndReloadAssembly (479ms)
			LoadAssemblies (66ms)
			RebuildTransferFunctionScriptingTraits (0ms)
			SetupTypeCache (114ms)
			ReleaseScriptCaches (0ms)
			RebuildScriptCaches (26ms)
			SetupLoadedEditorAssemblies (285ms)
				LogAssemblyErrors (0ms)
				InitializePlatformSupportModulesInManaged (54ms)
				SetLoadedEditorAssemblies (0ms)
				RefreshPlugins (86ms)
				BeforeProcessingInitializeOnLoad (1ms)
				ProcessInitializeOnLoadAttributes (101ms)
				ProcessInitializeOnLoadMethodAttributes (43ms)
=======
		EndReloadAssembly (481ms)
			LoadAssemblies (69ms)
			RebuildTransferFunctionScriptingTraits (0ms)
			SetupTypeCache (109ms)
			ReleaseScriptCaches (0ms)
			RebuildScriptCaches (26ms)
			SetupLoadedEditorAssemblies (298ms)
				LogAssemblyErrors (0ms)
				InitializePlatformSupportModulesInManaged (54ms)
				SetLoadedEditorAssemblies (2ms)
				RefreshPlugins (99ms)
				BeforeProcessingInitializeOnLoad (1ms)
				ProcessInitializeOnLoadAttributes (95ms)
				ProcessInitializeOnLoadMethodAttributes (46ms)
>>>>>>> Stashed changes
				AfterProcessingInitializeOnLoad (0ms)
				EditorAssembliesLoaded (0ms)
			ExecutionOrderSort2 (0ms)
			AwakeInstancesAfterBackupRestoration (0ms)
Platform modules already initialized, skipping
Registering precompiled user dll's ...
<<<<<<< Updated upstream
Registered in 0.006431 seconds.
=======
Registered in 0.007679 seconds.
>>>>>>> Stashed changes
Begin MonoManager ReloadAssembly
Symbol file LoadedFromMemory doesn't match image C:\Users\1302\Desktop\UnityStudy\VR220715_2D\Library\PackageCache\com.unity.visualscripting@1.7.8\Editor\VisualScripting.Core\Dependencies\YamlDotNet\Unity.VisualScripting.YamlDotNet.dll
Symbol file LoadedFromMemory doesn't match image C:\Users\1302\Desktop\UnityStudy\VR220715_2D\Library\PackageCache\com.unity.visualscripting@1.7.8\Editor\VisualScripting.Core\Dependencies\DotNetZip\Unity.VisualScripting.IonicZip.dll
Native extension for WindowsStandalone target not found
Native extension for Android target not found
Native extension for WebGL target not found
<<<<<<< Updated upstream
Refreshing native plugins compatible for Editor in 93.90 ms, found 4 plugins.
Preloading 0 native plugins for Editor in 0.00 ms.
Mono: successfully reloaded assembly
- Completed reload, in  1.195 seconds
Domain Reload Profiling:
	ReloadAssembly (1196ms)
		BeginReloadAssembly (207ms)
=======
Refreshing native plugins compatible for Editor in 86.01 ms, found 4 plugins.
Preloading 0 native plugins for Editor in 0.00 ms.
Mono: successfully reloaded assembly
- Completed reload, in  1.225 seconds
Domain Reload Profiling:
	ReloadAssembly (1225ms)
		BeginReloadAssembly (221ms)
>>>>>>> Stashed changes
			ExecutionOrderSort (0ms)
			DisableScriptedObjects (6ms)
			BackupInstance (0ms)
			ReleaseScriptingObjects (0ms)
<<<<<<< Updated upstream
			CreateAndSetChildDomain (125ms)
		EndReloadAssembly (876ms)
			LoadAssemblies (75ms)
			RebuildTransferFunctionScriptingTraits (0ms)
			SetupTypeCache (237ms)
			ReleaseScriptCaches (1ms)
			RebuildScriptCaches (54ms)
=======
			CreateAndSetChildDomain (131ms)
		EndReloadAssembly (891ms)
			LoadAssemblies (87ms)
			RebuildTransferFunctionScriptingTraits (0ms)
			SetupTypeCache (243ms)
			ReleaseScriptCaches (1ms)
			RebuildScriptCaches (55ms)
>>>>>>> Stashed changes
			SetupLoadedEditorAssemblies (462ms)
				LogAssemblyErrors (0ms)
				InitializePlatformSupportModulesInManaged (14ms)
				SetLoadedEditorAssemblies (0ms)
<<<<<<< Updated upstream
				RefreshPlugins (94ms)
				BeforeProcessingInitializeOnLoad (94ms)
				ProcessInitializeOnLoadAttributes (216ms)
				ProcessInitializeOnLoadMethodAttributes (38ms)
=======
				RefreshPlugins (86ms)
				BeforeProcessingInitializeOnLoad (95ms)
				ProcessInitializeOnLoadAttributes (218ms)
				ProcessInitializeOnLoadMethodAttributes (41ms)
>>>>>>> Stashed changes
				AfterProcessingInitializeOnLoad (7ms)
				EditorAssembliesLoaded (0ms)
			ExecutionOrderSort2 (0ms)
			AwakeInstancesAfterBackupRestoration (5ms)
Platform modules already initialized, skipping
========================================================================
Worker process is ready to serve import requests
Launched and connected shader compiler UnityShaderCompiler.exe after 0.03 seconds
<<<<<<< Updated upstream
Refreshing native plugins compatible for Editor in 0.76 ms, found 4 plugins.
Preloading 0 native plugins for Editor in 0.00 ms.
Unloading 4067 Unused Serialized files (Serialized files now loaded: 0)
Unloading 38 unused Assets / (55.6 KB). Loaded Objects now: 4526.
Memory consumption went from 155.6 MB to 155.6 MB.
Total: 3.524700 ms (FindLiveObjects: 0.385900 ms CreateObjectMapping: 0.324600 ms MarkObjects: 2.743700 ms  DeleteObjects: 0.069800 ms)
=======
Refreshing native plugins compatible for Editor in 1.19 ms, found 4 plugins.
Preloading 0 native plugins for Editor in 0.00 ms.
Unloading 4063 Unused Serialized files (Serialized files now loaded: 0)
Unloading 38 unused Assets / (55.3 KB). Loaded Objects now: 4520.
Memory consumption went from 155.4 MB to 155.3 MB.
Total: 4.043600 ms (FindLiveObjects: 0.432300 ms CreateObjectMapping: 0.570600 ms MarkObjects: 2.970700 ms  DeleteObjects: 0.068900 ms)
>>>>>>> Stashed changes

AssetImportParameters requested are different than current active one (requested -> active):
  custom:video-decoder-ogg-theora: a1e56fd34408186e4bbccfd4996cb3dc -> 
  custom:container-muxer-webm: aa71ff27fc2769a1b78a27578f13a17b -> 
  custom:container-demuxer-webm: 4f35f7cbe854078d1ac9338744f61a02 -> 
  custom:video-encoder-webm-vp8: eb34c28f22e8b96e1ab97ce403110664 -> 
  custom:audio-encoder-webm-vorbis: bf7c407c2cedff20999df2af8eb42d56 -> 
  custom:framework-win-MediaFoundation: 216162199b28c13a410421893ffa2e32 -> 
  custom:container-demuxer-ogg: 62fdf1f143b41e24485cea50d1cbac27 -> 
  custom:video-decoder-webm-vp8: 9c59270c3fd7afecdb556c50c9e8de78 -> 
  custom:audio-decoder-ogg-vorbis: bf7c407c2cedff20999df2af8eb42d56 -> 
========================================================================
Received Import Request.
<<<<<<< Updated upstream
  Time since last request: 1551259.831774 seconds.
  path: Assets/Scene1/Prefap/PlayerBullet.prefab
  artifactKey: Guid(6947eb73189c4f642bb74ca5cefd5b74) Importer(815301076,1909f56bfc062723c751e8b465ee728b)
Start importing Assets/Scene1/Prefap/PlayerBullet.prefab using Guid(6947eb73189c4f642bb74ca5cefd5b74) Importer(815301076,1909f56bfc062723c751e8b465ee728b)  -> (artifact id: '5bbe00740f2bd174792df7de592fc572') in 0.090984 seconds 
=======
  Time since last request: 1395864.804092 seconds.
  path: Assets/Scene1/Prefap/EnemyBullet6.prefab
  artifactKey: Guid(6ab32c87ade4d3b40931840d98c967a2) Importer(815301076,1909f56bfc062723c751e8b465ee728b)
Start importing Assets/Scene1/Prefap/EnemyBullet6.prefab using Guid(6ab32c87ade4d3b40931840d98c967a2) Importer(815301076,1909f56bfc062723c751e8b465ee728b)  -> (artifact id: '2c36450a3370103f383458e34d6c4ff4') in 0.125598 seconds 
========================================================================
Received Import Request.
  Time since last request: 0.000026 seconds.
  path: Assets/Scene1/Prefap/EnemiesB.prefab
  artifactKey: Guid(e8ce7a833f441924d848a3395bca1f1c) Importer(815301076,1909f56bfc062723c751e8b465ee728b)
Start importing Assets/Scene1/Prefap/EnemiesB.prefab using Guid(e8ce7a833f441924d848a3395bca1f1c) Importer(815301076,1909f56bfc062723c751e8b465ee728b)  -> (artifact id: '4cce055b2e57ada50e774b93dbbc979c') in 0.020333 seconds 
========================================================================
Received Prepare
Registering precompiled user dll's ...
Registered in 0.006019 seconds.
Begin MonoManager ReloadAssembly
Symbol file LoadedFromMemory doesn't match image C:\Users\1302\Desktop\UnityStudy\VR220715_2D\Library\PackageCache\com.unity.visualscripting@1.7.8\Editor\VisualScripting.Core\Dependencies\YamlDotNet\Unity.VisualScripting.YamlDotNet.dll
Symbol file LoadedFromMemory doesn't match image C:\Users\1302\Desktop\UnityStudy\VR220715_2D\Library\PackageCache\com.unity.visualscripting@1.7.8\Editor\VisualScripting.Core\Dependencies\DotNetZip\Unity.VisualScripting.IonicZip.dll
Native extension for WindowsStandalone target not found
Native extension for Android target not found
Native extension for WebGL target not found
Refreshing native plugins compatible for Editor in 0.86 ms, found 4 plugins.
Preloading 0 native plugins for Editor in 0.00 ms.
Mono: successfully reloaded assembly
- Completed reload, in  1.050 seconds
Domain Reload Profiling:
	ReloadAssembly (1050ms)
		BeginReloadAssembly (128ms)
			ExecutionOrderSort (0ms)
			DisableScriptedObjects (6ms)
			BackupInstance (0ms)
			ReleaseScriptingObjects (0ms)
			CreateAndSetChildDomain (38ms)
		EndReloadAssembly (824ms)
			LoadAssemblies (88ms)
			RebuildTransferFunctionScriptingTraits (0ms)
			SetupTypeCache (266ms)
			ReleaseScriptCaches (2ms)
			RebuildScriptCaches (48ms)
			SetupLoadedEditorAssemblies (364ms)
				LogAssemblyErrors (0ms)
				InitializePlatformSupportModulesInManaged (25ms)
				SetLoadedEditorAssemblies (0ms)
				RefreshPlugins (1ms)
				BeforeProcessingInitializeOnLoad (77ms)
				ProcessInitializeOnLoadAttributes (209ms)
				ProcessInitializeOnLoadMethodAttributes (44ms)
				AfterProcessingInitializeOnLoad (7ms)
				EditorAssembliesLoaded (0ms)
			ExecutionOrderSort2 (0ms)
			AwakeInstancesAfterBackupRestoration (8ms)
Platform modules already initialized, skipping
Refreshing native plugins compatible for Editor in 2.35 ms, found 4 plugins.
Preloading 0 native plugins for Editor in 0.00 ms.
Unloading 4052 Unused Serialized files (Serialized files now loaded: 0)
Unloading 25 unused Assets / (24.6 KB). Loaded Objects now: 4529.
Memory consumption went from 159.1 MB to 159.1 MB.
Total: 3.519600 ms (FindLiveObjects: 0.505100 ms CreateObjectMapping: 0.375500 ms MarkObjects: 2.609100 ms  DeleteObjects: 0.028700 ms)

AssetImportParameters requested are different than current active one (requested -> active):
  custom:video-decoder-ogg-theora: a1e56fd34408186e4bbccfd4996cb3dc -> 
  custom:container-muxer-webm: aa71ff27fc2769a1b78a27578f13a17b -> 
  custom:container-demuxer-webm: 4f35f7cbe854078d1ac9338744f61a02 -> 
  custom:video-encoder-webm-vp8: eb34c28f22e8b96e1ab97ce403110664 -> 
  custom:audio-encoder-webm-vorbis: bf7c407c2cedff20999df2af8eb42d56 -> 
  custom:framework-win-MediaFoundation: 216162199b28c13a410421893ffa2e32 -> 
  custom:container-demuxer-ogg: 62fdf1f143b41e24485cea50d1cbac27 -> 
  custom:video-decoder-webm-vp8: 9c59270c3fd7afecdb556c50c9e8de78 -> 
  custom:audio-decoder-ogg-vorbis: bf7c407c2cedff20999df2af8eb42d56 -> 
========================================================================
Received Import Request.
  Time since last request: 26.100263 seconds.
  path: Assets/Scenes/Scene1.unity
  artifactKey: Guid(81b285f365da5464996acf4027aa6b27) Importer(815301076,1909f56bfc062723c751e8b465ee728b)
Start importing Assets/Scenes/Scene1.unity using Guid(81b285f365da5464996acf4027aa6b27) Importer(815301076,1909f56bfc062723c751e8b465ee728b)  -> (artifact id: '789d019fece52ed27a54edf4194e115f') in 0.011394 seconds 
========================================================================
Received Prepare
Registering precompiled user dll's ...
Registered in 0.005899 seconds.
Begin MonoManager ReloadAssembly
Symbol file LoadedFromMemory doesn't match image C:\Users\1302\Desktop\UnityStudy\VR220715_2D\Library\PackageCache\com.unity.visualscripting@1.7.8\Editor\VisualScripting.Core\Dependencies\YamlDotNet\Unity.VisualScripting.YamlDotNet.dll
Symbol file LoadedFromMemory doesn't match image C:\Users\1302\Desktop\UnityStudy\VR220715_2D\Library\PackageCache\com.unity.visualscripting@1.7.8\Editor\VisualScripting.Core\Dependencies\DotNetZip\Unity.VisualScripting.IonicZip.dll
Native extension for WindowsStandalone target not found
Native extension for Android target not found
Native extension for WebGL target not found
Refreshing native plugins compatible for Editor in 0.80 ms, found 4 plugins.
Preloading 0 native plugins for Editor in 0.00 ms.
Mono: successfully reloaded assembly
- Completed reload, in  1.200 seconds
Domain Reload Profiling:
	ReloadAssembly (1201ms)
		BeginReloadAssembly (128ms)
			ExecutionOrderSort (0ms)
			DisableScriptedObjects (7ms)
			BackupInstance (0ms)
			ReleaseScriptingObjects (0ms)
			CreateAndSetChildDomain (39ms)
		EndReloadAssembly (977ms)
			LoadAssemblies (91ms)
			RebuildTransferFunctionScriptingTraits (0ms)
			SetupTypeCache (402ms)
			ReleaseScriptCaches (1ms)
			RebuildScriptCaches (50ms)
			SetupLoadedEditorAssemblies (372ms)
				LogAssemblyErrors (0ms)
				InitializePlatformSupportModulesInManaged (24ms)
				SetLoadedEditorAssemblies (1ms)
				RefreshPlugins (1ms)
				BeforeProcessingInitializeOnLoad (81ms)
				ProcessInitializeOnLoadAttributes (217ms)
				ProcessInitializeOnLoadMethodAttributes (41ms)
				AfterProcessingInitializeOnLoad (8ms)
				EditorAssembliesLoaded (0ms)
			ExecutionOrderSort2 (0ms)
			AwakeInstancesAfterBackupRestoration (8ms)
Platform modules already initialized, skipping
Refreshing native plugins compatible for Editor in 2.67 ms, found 4 plugins.
Preloading 0 native plugins for Editor in 0.00 ms.
Unloading 4052 Unused Serialized files (Serialized files now loaded: 0)
Unloading 25 unused Assets / (24.6 KB). Loaded Objects now: 4532.
Memory consumption went from 159.1 MB to 159.1 MB.
Total: 3.623700 ms (FindLiveObjects: 0.375300 ms CreateObjectMapping: 0.315100 ms MarkObjects: 2.905700 ms  DeleteObjects: 0.026200 ms)

AssetImportParameters requested are different than current active one (requested -> active):
  custom:video-decoder-ogg-theora: a1e56fd34408186e4bbccfd4996cb3dc -> 
  custom:container-muxer-webm: aa71ff27fc2769a1b78a27578f13a17b -> 
  custom:container-demuxer-webm: 4f35f7cbe854078d1ac9338744f61a02 -> 
  custom:video-encoder-webm-vp8: eb34c28f22e8b96e1ab97ce403110664 -> 
  custom:audio-encoder-webm-vorbis: bf7c407c2cedff20999df2af8eb42d56 -> 
  custom:framework-win-MediaFoundation: 216162199b28c13a410421893ffa2e32 -> 
  custom:container-demuxer-ogg: 62fdf1f143b41e24485cea50d1cbac27 -> 
  custom:video-decoder-webm-vp8: 9c59270c3fd7afecdb556c50c9e8de78 -> 
  custom:audio-decoder-ogg-vorbis: bf7c407c2cedff20999df2af8eb42d56 -> 
========================================================================
Received Import Request.
  Time since last request: 108.077999 seconds.
  path: Assets/Scene1/Script1
  artifactKey: Guid(8160f71fb53a44a4cb302edb89f8421f) Importer(815301076,1909f56bfc062723c751e8b465ee728b)
Start importing Assets/Scene1/Script1 using Guid(8160f71fb53a44a4cb302edb89f8421f) Importer(815301076,1909f56bfc062723c751e8b465ee728b)  -> (artifact id: '13d1180149f1cce5b5b2d2b541414b6a') in 0.013570 seconds 
========================================================================
Received Prepare
Registering precompiled user dll's ...
Registered in 0.005889 seconds.
Begin MonoManager ReloadAssembly
Symbol file LoadedFromMemory doesn't match image C:\Users\1302\Desktop\UnityStudy\VR220715_2D\Library\PackageCache\com.unity.visualscripting@1.7.8\Editor\VisualScripting.Core\Dependencies\YamlDotNet\Unity.VisualScripting.YamlDotNet.dll
Symbol file LoadedFromMemory doesn't match image C:\Users\1302\Desktop\UnityStudy\VR220715_2D\Library\PackageCache\com.unity.visualscripting@1.7.8\Editor\VisualScripting.Core\Dependencies\DotNetZip\Unity.VisualScripting.IonicZip.dll
Native extension for WindowsStandalone target not found
Native extension for Android target not found
Native extension for WebGL target not found
Refreshing native plugins compatible for Editor in 0.80 ms, found 4 plugins.
Preloading 0 native plugins for Editor in 0.00 ms.
Mono: successfully reloaded assembly
- Completed reload, in  1.046 seconds
Domain Reload Profiling:
	ReloadAssembly (1046ms)
		BeginReloadAssembly (121ms)
			ExecutionOrderSort (0ms)
			DisableScriptedObjects (7ms)
			BackupInstance (0ms)
			ReleaseScriptingObjects (0ms)
			CreateAndSetChildDomain (35ms)
		EndReloadAssembly (832ms)
			LoadAssemblies (79ms)
			RebuildTransferFunctionScriptingTraits (0ms)
			SetupTypeCache (258ms)
			ReleaseScriptCaches (2ms)
			RebuildScriptCaches (53ms)
			SetupLoadedEditorAssemblies (374ms)
				LogAssemblyErrors (0ms)
				InitializePlatformSupportModulesInManaged (24ms)
				SetLoadedEditorAssemblies (0ms)
				RefreshPlugins (1ms)
				BeforeProcessingInitializeOnLoad (84ms)
				ProcessInitializeOnLoadAttributes (216ms)
				ProcessInitializeOnLoadMethodAttributes (42ms)
				AfterProcessingInitializeOnLoad (7ms)
				EditorAssembliesLoaded (0ms)
			ExecutionOrderSort2 (0ms)
			AwakeInstancesAfterBackupRestoration (11ms)
Platform modules already initialized, skipping
Refreshing native plugins compatible for Editor in 2.60 ms, found 4 plugins.
Preloading 0 native plugins for Editor in 0.00 ms.
Unloading 4052 Unused Serialized files (Serialized files now loaded: 0)
Unloading 25 unused Assets / (24.7 KB). Loaded Objects now: 4535.
Memory consumption went from 159.1 MB to 159.1 MB.
Total: 3.339900 ms (FindLiveObjects: 0.391200 ms CreateObjectMapping: 0.267100 ms MarkObjects: 2.652100 ms  DeleteObjects: 0.028100 ms)

AssetImportParameters requested are different than current active one (requested -> active):
  custom:video-decoder-ogg-theora: a1e56fd34408186e4bbccfd4996cb3dc -> 
  custom:container-muxer-webm: aa71ff27fc2769a1b78a27578f13a17b -> 
  custom:container-demuxer-webm: 4f35f7cbe854078d1ac9338744f61a02 -> 
  custom:video-encoder-webm-vp8: eb34c28f22e8b96e1ab97ce403110664 -> 
  custom:audio-encoder-webm-vorbis: bf7c407c2cedff20999df2af8eb42d56 -> 
  custom:framework-win-MediaFoundation: 216162199b28c13a410421893ffa2e32 -> 
  custom:container-demuxer-ogg: 62fdf1f143b41e24485cea50d1cbac27 -> 
  custom:video-decoder-webm-vp8: 9c59270c3fd7afecdb556c50c9e8de78 -> 
  custom:audio-decoder-ogg-vorbis: bf7c407c2cedff20999df2af8eb42d56 -> 
>>>>>>> Stashed changes
========================================================================
Received Import Request.
  Time since last request: 154.533147 seconds.
  path: Assets/Scene1/Backgrounds.png
  artifactKey: Guid(1e5f7bb7a86d8b04eb0b4af72f9bd4f5) Importer(815301076,1909f56bfc062723c751e8b465ee728b)
Start importing Assets/Scene1/Backgrounds.png using Guid(1e5f7bb7a86d8b04eb0b4af72f9bd4f5) Importer(815301076,1909f56bfc062723c751e8b465ee728b)  -> (artifact id: 'c2aab1283b5e51cd446e2ce6cc986727') in 0.086545 seconds 
========================================================================
Received Import Request.
  Time since last request: 0.391144 seconds.
  path: Assets/Scene1/Bullets.png
  artifactKey: Guid(892d5e83352e67e48b495bd9241d98e0) Importer(815301076,1909f56bfc062723c751e8b465ee728b)
Start importing Assets/Scene1/Bullets.png using Guid(892d5e83352e67e48b495bd9241d98e0) Importer(815301076,1909f56bfc062723c751e8b465ee728b)  -> (artifact id: '537ec8533b13b530978ac3312eb56525') in 0.040444 seconds 
========================================================================
Received Import Request.
  Time since last request: 0.000023 seconds.
  path: Assets/Scene1/Player.png
  artifactKey: Guid(3e3147c098de4ef468cdbdfd81e0e3c5) Importer(815301076,1909f56bfc062723c751e8b465ee728b)
Start importing Assets/Scene1/Player.png using Guid(3e3147c098de4ef468cdbdfd81e0e3c5) Importer(815301076,1909f56bfc062723c751e8b465ee728b)  -> (artifact id: 'dde3c8873182d2549a9fb14f33e156dc') in 0.056357 seconds 
========================================================================
Received Import Request.
  Time since last request: 0.000034 seconds.
  path: Assets/Scene1/User_Interface.png
  artifactKey: Guid(fabf30c733ae3574398e97399ca03156) Importer(815301076,1909f56bfc062723c751e8b465ee728b)
Start importing Assets/Scene1/User_Interface.png using Guid(fabf30c733ae3574398e97399ca03156) Importer(815301076,1909f56bfc062723c751e8b465ee728b)  -> (artifact id: '370ed471c12e2d8aee4aea2042d150db') in 0.034724 seconds 
========================================================================
Received Import Request.
  Time since last request: 11.521656 seconds.
  path: Assets/Scene1/Backgrounds.png
  artifactKey: Guid(1e5f7bb7a86d8b04eb0b4af72f9bd4f5) Importer(815301076,1909f56bfc062723c751e8b465ee728b)
Start importing Assets/Scene1/Backgrounds.png using Guid(1e5f7bb7a86d8b04eb0b4af72f9bd4f5) Importer(815301076,1909f56bfc062723c751e8b465ee728b)  -> (artifact id: 'efd347f4aa061ab98e5c514952b365f4') in 0.022826 seconds 
========================================================================
Received Import Request.
  Time since last request: 19.822040 seconds.
  path: Assets/Scene1/Backgrounds.png
  artifactKey: Guid(1e5f7bb7a86d8b04eb0b4af72f9bd4f5) Importer(815301076,1909f56bfc062723c751e8b465ee728b)
Start importing Assets/Scene1/Backgrounds.png using Guid(1e5f7bb7a86d8b04eb0b4af72f9bd4f5) Importer(815301076,1909f56bfc062723c751e8b465ee728b)  -> (artifact id: '9521da1d34397c82eea468dd96b51008') in 0.022171 seconds 
========================================================================
Received Import Request.
  Time since last request: 631.892884 seconds.
  path: Assets/Scene1/Backgrounds.png
  artifactKey: Guid(1e5f7bb7a86d8b04eb0b4af72f9bd4f5) Importer(815301076,1909f56bfc062723c751e8b465ee728b)
Start importing Assets/Scene1/Backgrounds.png using Guid(1e5f7bb7a86d8b04eb0b4af72f9bd4f5) Importer(815301076,1909f56bfc062723c751e8b465ee728b)  -> (artifact id: '362c29669edb153fc28f06de4b3f76bf') in 0.043696 seconds 
========================================================================
Received Import Request.
  Time since last request: 82.061379 seconds.
  path: Assets/Scene1/Backgrounds.png
  artifactKey: Guid(1e5f7bb7a86d8b04eb0b4af72f9bd4f5) Importer(815301076,1909f56bfc062723c751e8b465ee728b)
Start importing Assets/Scene1/Backgrounds.png using Guid(1e5f7bb7a86d8b04eb0b4af72f9bd4f5) Importer(815301076,1909f56bfc062723c751e8b465ee728b)  -> (artifact id: '98cafedad5f6b671232001c964920b97') in 0.024559 seconds 
========================================================================
Received Prepare
Registering precompiled user dll's ...
<<<<<<< Updated upstream
Registered in 0.006052 seconds.
=======
Registered in 0.005879 seconds.
>>>>>>> Stashed changes
Begin MonoManager ReloadAssembly
Symbol file LoadedFromMemory doesn't match image C:\Users\1302\Desktop\UnityStudy\VR220715_2D\Library\PackageCache\com.unity.visualscripting@1.7.8\Editor\VisualScripting.Core\Dependencies\YamlDotNet\Unity.VisualScripting.YamlDotNet.dll
Symbol file LoadedFromMemory doesn't match image C:\Users\1302\Desktop\UnityStudy\VR220715_2D\Library\PackageCache\com.unity.visualscripting@1.7.8\Editor\VisualScripting.Core\Dependencies\DotNetZip\Unity.VisualScripting.IonicZip.dll
Native extension for WindowsStandalone target not found
Native extension for Android target not found
Native extension for WebGL target not found
Refreshing native plugins compatible for Editor in 0.90 ms, found 4 plugins.
Preloading 0 native plugins for Editor in 0.00 ms.
Mono: successfully reloaded assembly
<<<<<<< Updated upstream
- Completed reload, in  0.961 seconds
Domain Reload Profiling:
	ReloadAssembly (962ms)
		BeginReloadAssembly (128ms)
			ExecutionOrderSort (0ms)
			DisableScriptedObjects (6ms)
			BackupInstance (0ms)
			ReleaseScriptingObjects (0ms)
			CreateAndSetChildDomain (39ms)
		EndReloadAssembly (736ms)
			LoadAssemblies (89ms)
			RebuildTransferFunctionScriptingTraits (0ms)
			SetupTypeCache (230ms)
			ReleaseScriptCaches (1ms)
			RebuildScriptCaches (42ms)
			SetupLoadedEditorAssemblies (327ms)
=======
- Completed reload, in  1.026 seconds
Domain Reload Profiling:
	ReloadAssembly (1027ms)
		BeginReloadAssembly (129ms)
			ExecutionOrderSort (0ms)
			DisableScriptedObjects (8ms)
			BackupInstance (0ms)
			ReleaseScriptingObjects (0ms)
			CreateAndSetChildDomain (39ms)
		EndReloadAssembly (804ms)
			LoadAssemblies (86ms)
			RebuildTransferFunctionScriptingTraits (0ms)
			SetupTypeCache (238ms)
			ReleaseScriptCaches (2ms)
			RebuildScriptCaches (51ms)
			SetupLoadedEditorAssemblies (374ms)
				LogAssemblyErrors (0ms)
				InitializePlatformSupportModulesInManaged (24ms)
				SetLoadedEditorAssemblies (1ms)
				RefreshPlugins (1ms)
				BeforeProcessingInitializeOnLoad (79ms)
				ProcessInitializeOnLoadAttributes (214ms)
				ProcessInitializeOnLoadMethodAttributes (47ms)
				AfterProcessingInitializeOnLoad (8ms)
				EditorAssembliesLoaded (0ms)
			ExecutionOrderSort2 (0ms)
			AwakeInstancesAfterBackupRestoration (7ms)
Platform modules already initialized, skipping
Refreshing native plugins compatible for Editor in 2.34 ms, found 4 plugins.
Preloading 0 native plugins for Editor in 0.00 ms.
Unloading 4052 Unused Serialized files (Serialized files now loaded: 0)
Unloading 25 unused Assets / (24.6 KB). Loaded Objects now: 4573.
Memory consumption went from 159.2 MB to 159.2 MB.
Total: 4.494400 ms (FindLiveObjects: 0.395600 ms CreateObjectMapping: 0.343800 ms MarkObjects: 3.709300 ms  DeleteObjects: 0.044200 ms)

AssetImportParameters requested are different than current active one (requested -> active):
  custom:video-decoder-ogg-theora: a1e56fd34408186e4bbccfd4996cb3dc -> 
  custom:container-muxer-webm: aa71ff27fc2769a1b78a27578f13a17b -> 
  custom:container-demuxer-webm: 4f35f7cbe854078d1ac9338744f61a02 -> 
  custom:video-encoder-webm-vp8: eb34c28f22e8b96e1ab97ce403110664 -> 
  custom:audio-encoder-webm-vorbis: bf7c407c2cedff20999df2af8eb42d56 -> 
  custom:framework-win-MediaFoundation: 216162199b28c13a410421893ffa2e32 -> 
  custom:container-demuxer-ogg: 62fdf1f143b41e24485cea50d1cbac27 -> 
  custom:video-decoder-webm-vp8: 9c59270c3fd7afecdb556c50c9e8de78 -> 
  custom:audio-decoder-ogg-vorbis: bf7c407c2cedff20999df2af8eb42d56 -> 
========================================================================
Received Prepare
Registering precompiled user dll's ...
Registered in 0.006607 seconds.
Begin MonoManager ReloadAssembly
Symbol file LoadedFromMemory doesn't match image C:\Users\1302\Desktop\UnityStudy\VR220715_2D\Library\PackageCache\com.unity.visualscripting@1.7.8\Editor\VisualScripting.Core\Dependencies\YamlDotNet\Unity.VisualScripting.YamlDotNet.dll
Symbol file LoadedFromMemory doesn't match image C:\Users\1302\Desktop\UnityStudy\VR220715_2D\Library\PackageCache\com.unity.visualscripting@1.7.8\Editor\VisualScripting.Core\Dependencies\DotNetZip\Unity.VisualScripting.IonicZip.dll
Native extension for WindowsStandalone target not found
Native extension for Android target not found
Native extension for WebGL target not found
Refreshing native plugins compatible for Editor in 0.90 ms, found 4 plugins.
Preloading 0 native plugins for Editor in 0.00 ms.
Mono: successfully reloaded assembly
- Completed reload, in  1.024 seconds
Domain Reload Profiling:
	ReloadAssembly (1025ms)
		BeginReloadAssembly (128ms)
			ExecutionOrderSort (0ms)
			DisableScriptedObjects (7ms)
			BackupInstance (0ms)
			ReleaseScriptingObjects (0ms)
			CreateAndSetChildDomain (36ms)
		EndReloadAssembly (802ms)
			LoadAssemblies (87ms)
			RebuildTransferFunctionScriptingTraits (0ms)
			SetupTypeCache (240ms)
			ReleaseScriptCaches (2ms)
			RebuildScriptCaches (54ms)
			SetupLoadedEditorAssemblies (365ms)
>>>>>>> Stashed changes
				LogAssemblyErrors (0ms)
				InitializePlatformSupportModulesInManaged (24ms)
				SetLoadedEditorAssemblies (0ms)
				RefreshPlugins (1ms)
<<<<<<< Updated upstream
				BeforeProcessingInitializeOnLoad (72ms)
				ProcessInitializeOnLoadAttributes (189ms)
				ProcessInitializeOnLoadMethodAttributes (37ms)
				AfterProcessingInitializeOnLoad (7ms)
=======
				BeforeProcessingInitializeOnLoad (81ms)
				ProcessInitializeOnLoadAttributes (209ms)
				ProcessInitializeOnLoadMethodAttributes (43ms)
				AfterProcessingInitializeOnLoad (7ms)
				EditorAssembliesLoaded (0ms)
			ExecutionOrderSort2 (0ms)
			AwakeInstancesAfterBackupRestoration (8ms)
Platform modules already initialized, skipping
Refreshing native plugins compatible for Editor in 2.57 ms, found 4 plugins.
Preloading 0 native plugins for Editor in 0.00 ms.
Unloading 4052 Unused Serialized files (Serialized files now loaded: 0)
Unloading 25 unused Assets / (24.6 KB). Loaded Objects now: 4576.
Memory consumption went from 159.2 MB to 159.2 MB.
Total: 3.431100 ms (FindLiveObjects: 0.436400 ms CreateObjectMapping: 0.274700 ms MarkObjects: 2.691900 ms  DeleteObjects: 0.027100 ms)

AssetImportParameters requested are different than current active one (requested -> active):
  custom:video-decoder-ogg-theora: a1e56fd34408186e4bbccfd4996cb3dc -> 
  custom:container-muxer-webm: aa71ff27fc2769a1b78a27578f13a17b -> 
  custom:container-demuxer-webm: 4f35f7cbe854078d1ac9338744f61a02 -> 
  custom:video-encoder-webm-vp8: eb34c28f22e8b96e1ab97ce403110664 -> 
  custom:audio-encoder-webm-vorbis: bf7c407c2cedff20999df2af8eb42d56 -> 
  custom:framework-win-MediaFoundation: 216162199b28c13a410421893ffa2e32 -> 
  custom:container-demuxer-ogg: 62fdf1f143b41e24485cea50d1cbac27 -> 
  custom:video-decoder-webm-vp8: 9c59270c3fd7afecdb556c50c9e8de78 -> 
  custom:audio-decoder-ogg-vorbis: bf7c407c2cedff20999df2af8eb42d56 -> 
========================================================================
Received Prepare
Registering precompiled user dll's ...
Registered in 0.007246 seconds.
Begin MonoManager ReloadAssembly
Symbol file LoadedFromMemory doesn't match image C:\Users\1302\Desktop\UnityStudy\VR220715_2D\Library\PackageCache\com.unity.visualscripting@1.7.8\Editor\VisualScripting.Core\Dependencies\YamlDotNet\Unity.VisualScripting.YamlDotNet.dll
Symbol file LoadedFromMemory doesn't match image C:\Users\1302\Desktop\UnityStudy\VR220715_2D\Library\PackageCache\com.unity.visualscripting@1.7.8\Editor\VisualScripting.Core\Dependencies\DotNetZip\Unity.VisualScripting.IonicZip.dll
Native extension for WindowsStandalone target not found
Native extension for Android target not found
Native extension for WebGL target not found
Refreshing native plugins compatible for Editor in 1.02 ms, found 4 plugins.
Preloading 0 native plugins for Editor in 0.00 ms.
Mono: successfully reloaded assembly
- Completed reload, in  1.019 seconds
Domain Reload Profiling:
	ReloadAssembly (1020ms)
		BeginReloadAssembly (123ms)
			ExecutionOrderSort (0ms)
			DisableScriptedObjects (7ms)
			BackupInstance (0ms)
			ReleaseScriptingObjects (0ms)
			CreateAndSetChildDomain (36ms)
		EndReloadAssembly (804ms)
			LoadAssemblies (80ms)
			RebuildTransferFunctionScriptingTraits (0ms)
			SetupTypeCache (239ms)
			ReleaseScriptCaches (1ms)
			RebuildScriptCaches (49ms)
			SetupLoadedEditorAssemblies (375ms)
				LogAssemblyErrors (0ms)
				InitializePlatformSupportModulesInManaged (25ms)
				SetLoadedEditorAssemblies (0ms)
				RefreshPlugins (1ms)
				BeforeProcessingInitializeOnLoad (82ms)
				ProcessInitializeOnLoadAttributes (216ms)
				ProcessInitializeOnLoadMethodAttributes (42ms)
				AfterProcessingInitializeOnLoad (9ms)
>>>>>>> Stashed changes
				EditorAssembliesLoaded (0ms)
			ExecutionOrderSort2 (0ms)
			AwakeInstancesAfterBackupRestoration (8ms)
Platform modules already initialized, skipping
<<<<<<< Updated upstream
Refreshing native plugins compatible for Editor in 2.29 ms, found 4 plugins.
Preloading 0 native plugins for Editor in 0.00 ms.
Unloading 4056 Unused Serialized files (Serialized files now loaded: 0)
Unloading 25 unused Assets / (24.7 KB). Loaded Objects now: 4535.
Memory consumption went from 159.4 MB to 159.3 MB.
Total: 3.277500 ms (FindLiveObjects: 0.431200 ms CreateObjectMapping: 0.253500 ms MarkObjects: 2.569900 ms  DeleteObjects: 0.022100 ms)
=======
Refreshing native plugins compatible for Editor in 3.03 ms, found 4 plugins.
Preloading 0 native plugins for Editor in 0.00 ms.
Unloading 4052 Unused Serialized files (Serialized files now loaded: 0)
Unloading 25 unused Assets / (24.6 KB). Loaded Objects now: 4579.
Memory consumption went from 159.2 MB to 159.2 MB.
Total: 3.779900 ms (FindLiveObjects: 0.578900 ms CreateObjectMapping: 0.404200 ms MarkObjects: 2.762600 ms  DeleteObjects: 0.033000 ms)
>>>>>>> Stashed changes

AssetImportParameters requested are different than current active one (requested -> active):
  custom:video-decoder-ogg-theora: a1e56fd34408186e4bbccfd4996cb3dc -> 
  custom:container-muxer-webm: aa71ff27fc2769a1b78a27578f13a17b -> 
  custom:container-demuxer-webm: 4f35f7cbe854078d1ac9338744f61a02 -> 
  custom:video-encoder-webm-vp8: eb34c28f22e8b96e1ab97ce403110664 -> 
  custom:audio-encoder-webm-vorbis: bf7c407c2cedff20999df2af8eb42d56 -> 
  custom:framework-win-MediaFoundation: 216162199b28c13a410421893ffa2e32 -> 
  custom:container-demuxer-ogg: 62fdf1f143b41e24485cea50d1cbac27 -> 
  custom:video-decoder-webm-vp8: 9c59270c3fd7afecdb556c50c9e8de78 -> 
  custom:audio-decoder-ogg-vorbis: bf7c407c2cedff20999df2af8eb42d56 -> 
<<<<<<< Updated upstream
=======
========================================================================
Received Import Request.
  Time since last request: 894.110175 seconds.
  path: Assets/Scene1/Backgrounds.png
  artifactKey: Guid(1e5f7bb7a86d8b04eb0b4af72f9bd4f5) Importer(815301076,1909f56bfc062723c751e8b465ee728b)
Start importing Assets/Scene1/Backgrounds.png using Guid(1e5f7bb7a86d8b04eb0b4af72f9bd4f5) Importer(815301076,1909f56bfc062723c751e8b465ee728b)  -> (artifact id: '1e05166b8790d07fa5e50dd92b07e74d') in 0.071614 seconds 
========================================================================
Received Prepare
Registering precompiled user dll's ...
Registered in 0.005963 seconds.
Begin MonoManager ReloadAssembly
Symbol file LoadedFromMemory doesn't match image C:\Users\1302\Desktop\UnityStudy\VR220715_2D\Library\PackageCache\com.unity.visualscripting@1.7.8\Editor\VisualScripting.Core\Dependencies\YamlDotNet\Unity.VisualScripting.YamlDotNet.dll
Symbol file LoadedFromMemory doesn't match image C:\Users\1302\Desktop\UnityStudy\VR220715_2D\Library\PackageCache\com.unity.visualscripting@1.7.8\Editor\VisualScripting.Core\Dependencies\DotNetZip\Unity.VisualScripting.IonicZip.dll
Native extension for WindowsStandalone target not found
Native extension for Android target not found
Native extension for WebGL target not found
Refreshing native plugins compatible for Editor in 1.57 ms, found 4 plugins.
Preloading 0 native plugins for Editor in 0.00 ms.
Mono: successfully reloaded assembly
- Completed reload, in  1.070 seconds
Domain Reload Profiling:
	ReloadAssembly (1071ms)
		BeginReloadAssembly (127ms)
			ExecutionOrderSort (0ms)
			DisableScriptedObjects (7ms)
			BackupInstance (0ms)
			ReleaseScriptingObjects (0ms)
			CreateAndSetChildDomain (35ms)
		EndReloadAssembly (851ms)
			LoadAssemblies (85ms)
			RebuildTransferFunctionScriptingTraits (0ms)
			SetupTypeCache (266ms)
			ReleaseScriptCaches (2ms)
			RebuildScriptCaches (52ms)
			SetupLoadedEditorAssemblies (386ms)
				LogAssemblyErrors (0ms)
				InitializePlatformSupportModulesInManaged (24ms)
				SetLoadedEditorAssemblies (1ms)
				RefreshPlugins (2ms)
				BeforeProcessingInitializeOnLoad (85ms)
				ProcessInitializeOnLoadAttributes (221ms)
				ProcessInitializeOnLoadMethodAttributes (44ms)
				AfterProcessingInitializeOnLoad (10ms)
				EditorAssembliesLoaded (0ms)
			ExecutionOrderSort2 (0ms)
			AwakeInstancesAfterBackupRestoration (9ms)
Platform modules already initialized, skipping
Refreshing native plugins compatible for Editor in 3.06 ms, found 4 plugins.
Preloading 0 native plugins for Editor in 0.00 ms.
Unloading 4052 Unused Serialized files (Serialized files now loaded: 0)
Unloading 25 unused Assets / (24.6 KB). Loaded Objects now: 4582.
Memory consumption went from 159.3 MB to 159.2 MB.
Total: 3.884600 ms (FindLiveObjects: 0.338700 ms CreateObjectMapping: 0.251300 ms MarkObjects: 3.263000 ms  DeleteObjects: 0.030600 ms)

AssetImportParameters requested are different than current active one (requested -> active):
  custom:video-decoder-ogg-theora: a1e56fd34408186e4bbccfd4996cb3dc -> 
  custom:container-muxer-webm: aa71ff27fc2769a1b78a27578f13a17b -> 
  custom:container-demuxer-webm: 4f35f7cbe854078d1ac9338744f61a02 -> 
  custom:video-encoder-webm-vp8: eb34c28f22e8b96e1ab97ce403110664 -> 
  custom:audio-encoder-webm-vorbis: bf7c407c2cedff20999df2af8eb42d56 -> 
  custom:framework-win-MediaFoundation: 216162199b28c13a410421893ffa2e32 -> 
  custom:container-demuxer-ogg: 62fdf1f143b41e24485cea50d1cbac27 -> 
  custom:video-decoder-webm-vp8: 9c59270c3fd7afecdb556c50c9e8de78 -> 
  custom:audio-decoder-ogg-vorbis: bf7c407c2cedff20999df2af8eb42d56 -> 
========================================================================
Received Import Request.
  Time since last request: 445.190554 seconds.
  path: Assets/Scene1/Backgrounds1.png
  artifactKey: Guid(3756d2b0e8611414b893a8f1f0327c11) Importer(815301076,1909f56bfc062723c751e8b465ee728b)
Start importing Assets/Scene1/Backgrounds1.png using Guid(3756d2b0e8611414b893a8f1f0327c11) Importer(815301076,1909f56bfc062723c751e8b465ee728b)  -> (artifact id: '523879954aad88392b70504ac4180dbf') in 0.066899 seconds 
========================================================================
Received Import Request.
  Time since last request: 1.716118 seconds.
  path: Assets/Scene1/Backgrounds2.png
  artifactKey: Guid(8d70749b7e676d0419a43e3ce67e7ec9) Importer(815301076,1909f56bfc062723c751e8b465ee728b)
Start importing Assets/Scene1/Backgrounds2.png using Guid(8d70749b7e676d0419a43e3ce67e7ec9) Importer(815301076,1909f56bfc062723c751e8b465ee728b)  -> (artifact id: '47f0e72541b6253c5a419b8b567d4802') in 0.016950 seconds 
========================================================================
Received Import Request.
  Time since last request: 0.027150 seconds.
  path: Assets/Scene1/Backgrounds3.png
  artifactKey: Guid(a51906858a8e3994eaf966abcc4a9ec8) Importer(815301076,1909f56bfc062723c751e8b465ee728b)
Start importing Assets/Scene1/Backgrounds3.png using Guid(a51906858a8e3994eaf966abcc4a9ec8) Importer(815301076,1909f56bfc062723c751e8b465ee728b)  -> (artifact id: '7e0eefa69de22b686c664cc59c3d61a3') in 0.014627 seconds 
========================================================================
Received Import Request.
  Time since last request: 28.781786 seconds.
  path: Assets/Scene1/Backgrounds1.png
  artifactKey: Guid(3756d2b0e8611414b893a8f1f0327c11) Importer(815301076,1909f56bfc062723c751e8b465ee728b)
Start importing Assets/Scene1/Backgrounds1.png using Guid(3756d2b0e8611414b893a8f1f0327c11) Importer(815301076,1909f56bfc062723c751e8b465ee728b)  -> (artifact id: '52e845d807ff40f70e1c7fd6314299ba') in 0.015877 seconds 
========================================================================
Received Import Request.
  Time since last request: 5.154668 seconds.
  path: Assets/Scene1/Backgrounds1.png
  artifactKey: Guid(3756d2b0e8611414b893a8f1f0327c11) Importer(815301076,1909f56bfc062723c751e8b465ee728b)
Start importing Assets/Scene1/Backgrounds1.png using Guid(3756d2b0e8611414b893a8f1f0327c11) Importer(815301076,1909f56bfc062723c751e8b465ee728b)  -> (artifact id: '36f9da6258fec93eaabdb335726e20b3') in 0.011107 seconds 
========================================================================
Received Import Request.
  Time since last request: 55.747176 seconds.
  path: Assets/Scene1/Backgrounds1.png
  artifactKey: Guid(3756d2b0e8611414b893a8f1f0327c11) Importer(815301076,1909f56bfc062723c751e8b465ee728b)
Start importing Assets/Scene1/Backgrounds1.png using Guid(3756d2b0e8611414b893a8f1f0327c11) Importer(815301076,1909f56bfc062723c751e8b465ee728b)  -> (artifact id: '0d730160dcb8bc1dae8b1bab22c37471') in 0.040544 seconds 
========================================================================
Received Import Request.
  Time since last request: 177.477531 seconds.
  path: Assets/Scene1/Backgrounds1.png
  artifactKey: Guid(3756d2b0e8611414b893a8f1f0327c11) Importer(815301076,1909f56bfc062723c751e8b465ee728b)
Start importing Assets/Scene1/Backgrounds1.png using Guid(3756d2b0e8611414b893a8f1f0327c11) Importer(815301076,1909f56bfc062723c751e8b465ee728b)  -> (artifact id: 'b0a807b63f4911a172dedb740e82c569') in 0.059030 seconds 
========================================================================
Received Import Request.
  Time since last request: 6.863737 seconds.
  path: Assets/Scene1/Tilemap
  artifactKey: Guid(003a7c287f31b1f4d8760eef75ee6b0c) Importer(815301076,1909f56bfc062723c751e8b465ee728b)
Start importing Assets/Scene1/Tilemap using Guid(003a7c287f31b1f4d8760eef75ee6b0c) Importer(815301076,1909f56bfc062723c751e8b465ee728b)  -> (artifact id: 'b4a252be7fccd6066b7cf56fdcc3e967') in 0.006276 seconds 
========================================================================
Received Import Request.
  Time since last request: 0.107317 seconds.
  path: Assets/Scene1/Tilemap/Backgrounds1_3.asset
  artifactKey: Guid(25b8a4d3899a81e47ace42f8bdcb8357) Importer(815301076,1909f56bfc062723c751e8b465ee728b)
Start importing Assets/Scene1/Tilemap/Backgrounds1_3.asset using Guid(25b8a4d3899a81e47ace42f8bdcb8357) Importer(815301076,1909f56bfc062723c751e8b465ee728b)  -> (artifact id: 'ff6f94c98be93300bfa84132b77db790') in 0.020724 seconds 
========================================================================
Received Import Request.
  Time since last request: 0.000021 seconds.
  path: Assets/Scene1/Tilemap/Backgrounds1_5.asset
  artifactKey: Guid(1e806ddcb4599e84596b70f4aaf165cd) Importer(815301076,1909f56bfc062723c751e8b465ee728b)
Start importing Assets/Scene1/Tilemap/Backgrounds1_5.asset using Guid(1e806ddcb4599e84596b70f4aaf165cd) Importer(815301076,1909f56bfc062723c751e8b465ee728b)  -> (artifact id: '2780aa580770a7a65391e5d9b18d30b1') in 0.013822 seconds 
========================================================================
Received Import Request.
  Time since last request: 0.000021 seconds.
  path: Assets/Scene1/Tilemap/map1.prefab
  artifactKey: Guid(5104a57dee767b145bd66087444bb6c5) Importer(815301076,1909f56bfc062723c751e8b465ee728b)
Start importing Assets/Scene1/Tilemap/map1.prefab using Guid(5104a57dee767b145bd66087444bb6c5) Importer(815301076,1909f56bfc062723c751e8b465ee728b)  -> (artifact id: '996e5698db9e0b61fcfad1d4df27cdbb') in 0.037510 seconds 
========================================================================
Received Import Request.
  Time since last request: 1.055040 seconds.
  path: Assets/Scene1/Tilemap/Backgrounds1_2.asset
  artifactKey: Guid(42b42742c230edd46a53c3d5d64045da) Importer(815301076,1909f56bfc062723c751e8b465ee728b)
Start importing Assets/Scene1/Tilemap/Backgrounds1_2.asset using Guid(42b42742c230edd46a53c3d5d64045da) Importer(815301076,1909f56bfc062723c751e8b465ee728b)  -> (artifact id: 'bd906710b6f759cb28f38e64e7af064d') in 0.012419 seconds 
========================================================================
Received Import Request.
  Time since last request: 0.012648 seconds.
  path: Assets/Scene1/Tilemap/Backgrounds1_1.asset
  artifactKey: Guid(aacf80bd479764249ab3acc0c40091e9) Importer(815301076,1909f56bfc062723c751e8b465ee728b)
Start importing Assets/Scene1/Tilemap/Backgrounds1_1.asset using Guid(aacf80bd479764249ab3acc0c40091e9) Importer(815301076,1909f56bfc062723c751e8b465ee728b)  -> (artifact id: 'a9fd89067ee81059e48a4c2453bfb0b3') in 0.009704 seconds 
========================================================================
Received Import Request.
  Time since last request: 0.387799 seconds.
  path: Assets/Scene1/Tilemap/Backgrounds1_0.asset
  artifactKey: Guid(76083a5c6468be84fb98d473527a2fee) Importer(815301076,1909f56bfc062723c751e8b465ee728b)
Start importing Assets/Scene1/Tilemap/Backgrounds1_0.asset using Guid(76083a5c6468be84fb98d473527a2fee) Importer(815301076,1909f56bfc062723c751e8b465ee728b)  -> (artifact id: 'b92bb5e519ef8ed951323db0479fe78c') in 0.010754 seconds 
========================================================================
Received Import Request.
  Time since last request: 90.119116 seconds.
  path: Assets/Scene1/Tilemap/map1.prefab
  artifactKey: Guid(5104a57dee767b145bd66087444bb6c5) Importer(815301076,1909f56bfc062723c751e8b465ee728b)
Start importing Assets/Scene1/Tilemap/map1.prefab using Guid(5104a57dee767b145bd66087444bb6c5) Importer(815301076,1909f56bfc062723c751e8b465ee728b)  -> (artifact id: '5a636550dc0d366b0dd6adcab145b360') in 0.012485 seconds 
========================================================================
Received Import Request.
  Time since last request: 233.708458 seconds.
  path: Assets/Scene1
  artifactKey: Guid(902f1bd53f557a647a40d41444991de6) Importer(815301076,1909f56bfc062723c751e8b465ee728b)
Start importing Assets/Scene1 using Guid(902f1bd53f557a647a40d41444991de6) Importer(815301076,1909f56bfc062723c751e8b465ee728b)  -> (artifact id: '969bcf5db053995cbde8b8c9d5b75c05') in 0.007396 seconds 
========================================================================
Received Import Request.
  Time since last request: 42.002048 seconds.
  path: Assets/Scene1/Backgrounds1.png
  artifactKey: Guid(3756d2b0e8611414b893a8f1f0327c11) Importer(815301076,1909f56bfc062723c751e8b465ee728b)
Start importing Assets/Scene1/Backgrounds1.png using Guid(3756d2b0e8611414b893a8f1f0327c11) Importer(815301076,1909f56bfc062723c751e8b465ee728b)  -> (artifact id: 'a867b0643062f6c2d4bf83af828041f8') in 0.052806 seconds 
========================================================================
Received Import Request.
  Time since last request: 23.828771 seconds.
  path: Assets/Scene1/Backgrounds1.png
  artifactKey: Guid(3756d2b0e8611414b893a8f1f0327c11) Importer(815301076,1909f56bfc062723c751e8b465ee728b)
Start importing Assets/Scene1/Backgrounds1.png using Guid(3756d2b0e8611414b893a8f1f0327c11) Importer(815301076,1909f56bfc062723c751e8b465ee728b)  -> (artifact id: '843526005ca5b7bbaf020c8272f9c874') in 0.016646 seconds 
========================================================================
Received Import Request.
  Time since last request: 80.281358 seconds.
  path: Assets/Scene1/Backgrounds1.png
  artifactKey: Guid(3756d2b0e8611414b893a8f1f0327c11) Importer(815301076,1909f56bfc062723c751e8b465ee728b)
Start importing Assets/Scene1/Backgrounds1.png using Guid(3756d2b0e8611414b893a8f1f0327c11) Importer(815301076,1909f56bfc062723c751e8b465ee728b)  -> (artifact id: '2242b63bbe62446300823d6ce06c9440') in 0.010045 seconds 
========================================================================
Received Import Request.
  Time since last request: 4.754506 seconds.
  path: Assets/Scene1/Backgrounds1.png
  artifactKey: Guid(3756d2b0e8611414b893a8f1f0327c11) Importer(815301076,1909f56bfc062723c751e8b465ee728b)
Start importing Assets/Scene1/Backgrounds1.png using Guid(3756d2b0e8611414b893a8f1f0327c11) Importer(815301076,1909f56bfc062723c751e8b465ee728b)  -> (artifact id: '6f303039d68121719f7603c03fbc8d02') in 0.007413 seconds 
========================================================================
Received Import Request.
  Time since last request: 4.993869 seconds.
  path: Assets/Scene1/Backgrounds1.png
  artifactKey: Guid(3756d2b0e8611414b893a8f1f0327c11) Importer(815301076,1909f56bfc062723c751e8b465ee728b)
Start importing Assets/Scene1/Backgrounds1.png using Guid(3756d2b0e8611414b893a8f1f0327c11) Importer(815301076,1909f56bfc062723c751e8b465ee728b)  -> (artifact id: '47421eaff15cc63259d1cb569496713b') in 0.007314 seconds 
========================================================================
Received Import Request.
  Time since last request: 26.500770 seconds.
  path: Assets/Scene1/Backgrounds1.png
  artifactKey: Guid(3756d2b0e8611414b893a8f1f0327c11) Importer(815301076,1909f56bfc062723c751e8b465ee728b)
Start importing Assets/Scene1/Backgrounds1.png using Guid(3756d2b0e8611414b893a8f1f0327c11) Importer(815301076,1909f56bfc062723c751e8b465ee728b)  -> (artifact id: '741c742b9c0f854ed37f778417eea049') in 0.014655 seconds 
========================================================================
Received Import Request.
  Time since last request: 8.709261 seconds.
  path: Assets/Scene1/Tilemap/Backgrounds1_0.asset
  artifactKey: Guid(76083a5c6468be84fb98d473527a2fee) Importer(815301076,1909f56bfc062723c751e8b465ee728b)
Start importing Assets/Scene1/Tilemap/Backgrounds1_0.asset using Guid(76083a5c6468be84fb98d473527a2fee) Importer(815301076,1909f56bfc062723c751e8b465ee728b)  -> (artifact id: '4051aa202208f943d680cdb20f70989e') in 0.007795 seconds 
========================================================================
Received Import Request.
  Time since last request: 0.000033 seconds.
  path: Assets/Scene1/Tilemap/Backgrounds1_6.asset
  artifactKey: Guid(1fdf5f7942a10634db682001ca48d0c1) Importer(815301076,1909f56bfc062723c751e8b465ee728b)
Start importing Assets/Scene1/Tilemap/Backgrounds1_6.asset using Guid(1fdf5f7942a10634db682001ca48d0c1) Importer(815301076,1909f56bfc062723c751e8b465ee728b)  -> (artifact id: 'e8ee9f1f9b4b3741321b1eb0e984b920') in 0.013203 seconds 
========================================================================
Received Import Request.
  Time since last request: 0.000027 seconds.
  path: Assets/Scene1/Tilemap/Backgrounds1_10.asset
  artifactKey: Guid(0dc6d702ef7829c43af33a7b2db22011) Importer(815301076,1909f56bfc062723c751e8b465ee728b)
Start importing Assets/Scene1/Tilemap/Backgrounds1_10.asset using Guid(0dc6d702ef7829c43af33a7b2db22011) Importer(815301076,1909f56bfc062723c751e8b465ee728b)  -> (artifact id: 'b97946cb39713b8d50a0a20e61d2cafe') in 0.015449 seconds 
========================================================================
Received Import Request.
  Time since last request: 0.000042 seconds.
  path: Assets/Scene1/Tilemap/Backgrounds1_3.asset
  artifactKey: Guid(25b8a4d3899a81e47ace42f8bdcb8357) Importer(815301076,1909f56bfc062723c751e8b465ee728b)
Start importing Assets/Scene1/Tilemap/Backgrounds1_3.asset using Guid(25b8a4d3899a81e47ace42f8bdcb8357) Importer(815301076,1909f56bfc062723c751e8b465ee728b)  -> (artifact id: '8544f6191a7e5491444bdbdb8c5cc40c') in 0.005981 seconds 
========================================================================
Received Import Request.
  Time since last request: 0.000036 seconds.
  path: Assets/Scene1/Tilemap/Backgrounds1_9.asset
  artifactKey: Guid(b5efc9cabade1214785ff34c977e654e) Importer(815301076,1909f56bfc062723c751e8b465ee728b)
Start importing Assets/Scene1/Tilemap/Backgrounds1_9.asset using Guid(b5efc9cabade1214785ff34c977e654e) Importer(815301076,1909f56bfc062723c751e8b465ee728b)  -> (artifact id: 'b9747aeea345ca74dc8c94d6b20e633b') in 0.011626 seconds 
========================================================================
Received Import Request.
  Time since last request: 8.246921 seconds.
  path: Assets/Scene1/Tilemap/Backgrounds2.asset
  artifactKey: Guid(13aeeb346f3747a4b9112d9f778ff15a) Importer(815301076,1909f56bfc062723c751e8b465ee728b)
Start importing Assets/Scene1/Tilemap/Backgrounds2.asset using Guid(13aeeb346f3747a4b9112d9f778ff15a) Importer(815301076,1909f56bfc062723c751e8b465ee728b)  -> (artifact id: 'eb4a1325e3e7806d801d2417064f04da') in 0.011216 seconds 
========================================================================
Received Import Request.
  Time since last request: 0.000035 seconds.
  path: Assets/Scene1/Tilemap/map1.prefab
  artifactKey: Guid(5104a57dee767b145bd66087444bb6c5) Importer(815301076,1909f56bfc062723c751e8b465ee728b)
Start importing Assets/Scene1/Tilemap/map1.prefab using Guid(5104a57dee767b145bd66087444bb6c5) Importer(815301076,1909f56bfc062723c751e8b465ee728b)  -> (artifact id: 'c74fd23e1c8a1597c3ff7b158c2f5a92') in 0.015512 seconds 
>>>>>>> Stashed changes
